0:100  0:100  MemLog inited, TSC freq: 2194920304
0:100  0:000  
0:100  0:000  Now is 8.5.2016,  20:46:45 (GMT)
0:100  0:000  Starting Clover rev 3469 on American Megatrends EFI
0:100  0:000  SelfDevicePath=PciRoot(0x0)\Pci(0x1F,0x2)\Sata(0x0,0xFFFF,0x0)\HD(1,GPT,7D3E542C-9382-4702-8E94-3F337E1B4DF1,0x28,0x64000) @C903CE98
0:100  0:000  SelfDirPath = \EFI\BOOT
0:100  0:000  Total Memory Slots Count = 4
0:100  0:000  Type 17 Index = 0
0:100  0:000  SmbiosTable.Type17->Speed = 1600MHz
0:100  0:000  SmbiosTable.Type17->Size = 8192MB
0:100  0:000  SmbiosTable.Type17->Bank/Device = BANK 0 ChannelA-DIMM0
0:100  0:000  Type 17 Index = 1
0:100  0:000  Ignoring insane frequency value 0MHz
0:100  0:000  SmbiosTable.Type17->Speed = 0MHz
0:100  0:000  SmbiosTable.Type17->Size = 0MB
0:100  0:000  SmbiosTable.Type17->Bank/Device = BANK 1 ChannelA-DIMM1
0:100  0:000  Type 17 Index = 2
0:100  0:000  SmbiosTable.Type17->Speed = 1600MHz
0:100  0:000  SmbiosTable.Type17->Size = 8192MB
0:100  0:000  SmbiosTable.Type17->Bank/Device = BANK 2 ChannelB-DIMM0
0:100  0:000  Type 17 Index = 3
0:100  0:000  Ignoring insane frequency value 0MHz
0:100  0:000  SmbiosTable.Type17->Speed = 0MHz
0:100  0:000  SmbiosTable.Type17->Size = 0MB
0:100  0:000  SmbiosTable.Type17->Bank/Device = BANK 3 ChannelB-DIMM1
0:100  0:000  Boot status=0
0:100  0:000  Clover revision: 3469  running on W230ST 
0:100  0:000  ... with board W230ST 
0:100  0:000  CPU Vendor = 756E6547 Model=306C3
0:100  0:000  got cores from CPUID_1 = 0
0:100  0:000  The CPU supported turbo
0:100  0:000  BrandString = Intel(R) Core(TM) i7-4702MQ CPU @ 2.20GHz
0:100  0:000  MSR 0xE2 before patch 1E008405
0:100  0:000  MSR 0xE2 is locked, PM patches will be turned on
0:100  0:000  MSR 0xE4              00021814
0:100  0:000  MSR 0xCE              00080838_FB011600
0:100  0:000  non-usable FLEX_RATIO = 50000
0:100  0:000  corrected FLEX_RATIO = 40000
0:100  0:000  MSR 0x1B0             00000000
0:100  0:000  FSBFrequency=100MHz DMIvalue=100000kHz
0:100  0:000  Corrected FSBFrequency=100MHz
0:100  0:000  Vendor/Model/Stepping: 0x756E6547/0x3C/0x3
0:100  0:000  Family/ExtFamily: 0x6/0x0
0:100  0:000  MaxDiv/MinDiv: 22.0/8
0:100  0:000  Turbo: 29/29/31/32
0:100  0:000  Features: 0xBFEBFBFF
0:100  0:000  Threads: 8
0:100  0:000  Cores: 4
0:100  0:000  FSB: 100 MHz
0:100  0:000  CPU: 2200 MHz
0:100  0:000  TSC: 2200 MHz
0:100  0:000  PIS: 400 MHz
0:100  0:000  PCI (00|00:00.00) : 8086 0C04 class=060000
0:100  0:000  PCI (00|00:01.00) : 8086 0C01 class=060400
0:100  0:000  PCI (00|01:00.00) : 10DE 11E2 class=030200
0:100  0:000  PCI (00|00:02.00) : 8086 0416 class=030000
0:100  0:000  Found GFX model=Intel HD Graphics 4600
0:100  0:000  PCI (00|00:03.00) : 8086 0C0C class=040300
0:100  0:000  PCI (00|00:14.00) : 8086 8C31 class=0C0330
0:100  0:000  PCI (00|00:16.00) : 8086 8C3A class=078000
0:100  0:000  PCI (00|00:16.01) : FFFF FFFF class=FFFFFF
0:100  0:000  PCI (00|00:1A.00) : 8086 8C2D class=0C0320
0:100  0:000  PCI (00|00:1B.00) : 8086 8C20 class=040300
0:100  0:000  PCI (00|00:1C.00) : 8086 8C10 class=060400
0:100  0:000  PCI (00|00:1C.02) : 8086 8C14 class=060400
0:100  0:000  PCI (00|03:00.00) : 14E4 43B1 class=028000
0:100  0:000  PCI (00|00:1C.03) : 8086 8C16 class=060400
0:100  0:000  PCI (00|04:00.00) : 10EC 5287 class=FF0000
0:100  0:000  PCI (00|04:00.01) : 10EC 8168 class=020000
0:100  0:000  LAN 0, Vendor=10EC, MMIO=D000
0:100  0:000  PCI (00|00:1D.00) : 8086 8C26 class=0C0320
0:100  0:000  PCI (00|00:1F.00) : 8086 8C4B class=060100
0:100  0:000  PCI (00|00:1F.02) : 8086 8C03 class=010601
0:100  0:000  PCI (00|00:1F.03) : 8086 8C22 class=0C0500
0:100  0:000  PCI (00|00:1F.06) : FFFF FFFF class=FFFFFF
0:100  0:000  Clover load options size = 0 bytes
0:106  0:005  Using OEM config.plist at path: EFI\CLOVER\config.plist
0:106  0:000  EFI\CLOVER\config.plist loaded: Success
0:107  0:001  Found theme directory: EMBEDDED
0:109  0:001  Found theme directory: RANDOM
0:110  0:001  Loading early settings
0:110  0:000  timeout set to 10
0:110  0:000  Custom boot CUSTOM_BOOT_DISABLED (0x0)
0:110  0:000  ForceKextsToLoad: 1 requested
0:110  0:000  ForceKextsToLoad 0: System\Library\Extensions\IONetworkingFamily.kext
0:110  0:000  KextsToPatch: 27 requested
0:110  0:000  KextsToPatch 0: AirPortBrcm4360 (10.11-BCM94352-Whitelest-0x4331-iMac14,3) Kext bin patch, data len: 20
0:110  0:000  KextsToPatch 1: IOBluetoothFamily (10.11-BT4LE-Handoff-Hotspot-lisai9093) Kext bin patch, data len: 8
0:110  0:000  KextsToPatch 2: AppleIntelFramebufferAzul (Enable 128MB DVMT-prealloc, 0x0a2e0008) :: patch disabled, skipped
0:110  0:000  KextsToPatch 3: AppleIntelFramebufferAzul (Enable internal display after sleep for 0x0a2e0008, credit syscl/lighting/Yating Zhou) :: patch disabled, skipped
0:110  0:000  KextsToPatch 4: AppleIntelFramebufferAzul (HDMI-audio, port 0105, 0x0a260005 0x0a260006, 0x0d220003, 0x0a2e000a, 0x0a26000a) :: patch disabled, skipped
0:110  0:000  KextsToPatch 5: AirPortBrcm4360 (10.11-BCM94352-Whitelest-0x4353-MacBoolAir5,2) Kext bin patch, data len: 20
0:110  0:000  KextsToPatch 6: AirPortBrcm4360 (10.11-BCM94352-Airport-Extreme) Kext bin patch, data len: 6
0:110  0:000  KextsToPatch 7: IOAHCIBlockStorage (Enable TRIM for SSD) :: patch disabled, skipped
0:110  0:000  KextsToPatch 8: AppleIntelFramebufferAzul (Enable eDP port 0x00, HDMI port 0x05 for Azul framebuffer 0x0a260006) :: patch disabled, skipped
0:110  0:000  KextsToPatch 9: AppleIntelFramebufferAzul (HDMI-audio, port 0105, 0x0a2e0008, 0x0a16000c, 0x0a2e000d, 0x0a26000d) :: patch disabled, skipped
0:110  0:000  KextsToPatch 10: AppleIntelFramebufferAzul (Enable 96MB DVMT-prealloc, 0x0a2e0008) :: patch disabled, skipped
0:110  0:000  KextsToPatch 11: AppleIntelFramebufferAzul (HDMI-audio, port 0204(12), 0x0a2e0008, 0x0a16000c, 0x0a2e000d, 0x0a26000d) Kext bin patch, data len: 12
0:110  0:000  KextsToPatch 12: AppleIntelFramebufferAzul (HDMI-audio, port 0204, 0x0a260005 0x0a260006) :: patch disabled, skipped
0:110  0:000  KextsToPatch 13: AppleIntelFramebufferAzul (Enable 9MB cursor bytes, 0x0a260006) Kext bin patch, data len: 20
0:110  0:000  KextsToPatch 14: AppleIntelFramebufferAzul (HDMI-audio, port 0105(12), 0x0a2e0008, 0x0a16000c, 0x0a2e000d, 0x0a26000d) :: patch disabled, skipped
0:110  0:000  KextsToPatch 15: IOGraphicsFamily (Boot graphics glitch, 10.10.2/10.10.3) :: patch disabled, skipped
0:110  0:000  KextsToPatch 16: AppleIntelFramebufferAzul (Enable internal display after sleep for 0x0a2e000a, 0x0a26000a) :: patch disabled, skipped
0:110  0:000  KextsToPatch 17: AppleIntelFramebufferAzul (HDMI-audio, port 0204, 0x0d220003, 0x0a2e000a, 0x0a26000a) :: patch disabled, skipped
0:110  0:000  KextsToPatch 18: AppleHDAController (HD4600_HDMI_Audio-2of2) Kext bin patch, data len: 5
0:110  0:000  KextsToPatch 19: AppleIntelFramebufferAzul (Enable 128MB DVMT-prealloc, 48MB framebuffer, 48MB cursor bytes, 0x0a260006) :: patch disabled, skipped
0:110  0:000  KextsToPatch 20: AppleIntelFramebufferAzul (HDMI-audio, port 0204(12), 0x0d220003, 0x0a2e000a, 0x0a26000a) :: patch disabled, skipped
0:110  0:000  KextsToPatch 21: AppleIntelFramebufferAzul (HDMI-audio, port 0204(12), 0x0a260005 0x0a260006) :: patch disabled, skipped
0:110  0:000  KextsToPatch 22: AppleIntelFramebufferAzul (HDMI-audio, port 0204, 0x0a2e0008, 0x0a16000c, 0x0a2e000d, 0x0a26000d) :: patch disabled, skipped
0:110  0:000  KextsToPatch 23: AppleIntelFramebufferAzul (HDMI-audio, port 0105(12), 0x0a260005 0x0a260006, 0x0d220003, 0x0a2e000a, 0x0a26000a) :: patch disabled, skipped
0:110  0:000  KextsToPatch 24: AppleIntelFramebufferAzul (Enable eDP port 0x00, HDMI port 0x05 for Azul framebuffer 0x0a260006) Kext bin patch, data len: 24
0:110  0:000  KextsToPatch 25: AirPortBrcm4360 (10.11-BCM94352-5GHz-US-FCC-dv) Kext bin patch, data len: 7
0:110  0:000  KextsToPatch 26: IOGraphicsFamily (Boot graphics glitch, 10.10.x/10.11.x (credit lisai9093, cecekpawon)) :: patch disabled, skipped
0:110  0:000  Default theme: Bluemac
0:110  0:000  ** Warning: unknown custom entry Type 'Other'
0:110  0:000  LoadDrivers() start
0:112  0:002  Loading FSInject-64.efi  status=Success
0:113  0:000  Loading OsxAptioFixDrv-64.efi  status=Success
0:114  0:000  Loading OsxFatBinaryDrv-64.efi  status=Success
0:114  0:000  Loading HFSPlus.efi  status=Success
0:116  0:001   - driver needs connecting
0:116  0:000  Loading CsmVideoDxe-64.efi  status=Success
0:117  0:000   - driver needs connecting
0:117  0:000  2 drivers needs connecting ...
0:117  0:000  PlatformDriverOverrideProtocol not found. Installing ... Success
0:117  0:000  HFS+ driver loaded 
0:117  0:000  Video driver loaded: disconnect Success
0:663  0:546  Searching for invalid DiskIo BY_DRIVER connects: not found, all ok
1:406  0:742  LoadDrivers() end
1:406  0:000  Dump SMC keys from NVRAM:
1:412  0:006  Console modes reported: 4, available modes:
1:412  0:000    Mode 1: 80x25 (current mode)
1:412  0:000    Mode 2: 80x50
1:412  0:000    Mode 3: 100x31
1:412  0:000    Mode 4: 240x56
1:412  0:000  reinit: self device path=PciRoot(0x0)\Pci(0x1F,0x2)\Sata(0x0,0xFFFF,0x0)\HD(1,GPT,7D3E542C-9382-4702-8E94-3F337E1B4DF1,0x28,0x64000)
1:413  0:000  MAC address of LAN #0= 00:90:F5:E9:ED:19:
1:413  0:000  ScanSPD() start
1:413  0:000  SMBus CmdReg: 0x3
1:413  0:000  Scanning SMBus [8086:8C22], mmio: 0xF7C19004, ioport: 0xF040, hostc: 0x11
1:413  0:000  Slots to scan [8]...
1:427  0:014  SPD[0]: Type 11 @0x50 
1:435  0:008  DDR speed 1600MHz 
1:435  0:000  Slot: 0 Type 24 8192MB 1600MHz Vendor=Corsair PartNo=CMSO16GX3M2C1600C1 SerialNo=0000000000000000 
1:455  0:020  SPD[2]: Type 11 @0x52 
1:464  0:008  DDR speed 1600MHz 
1:464  0:000  Slot: 2 Type 24 8192MB 1600MHz Vendor=Corsair PartNo=CMSO16GX3M2C1600C1 SerialNo=0000000000000000 
1:494  0:030  ScanSPD() end
1:494  0:000  Get Acpi Tables List from RSDT:
1:494  0:000   Found table: FACP  A M I len=132
1:494  0:000   Found table: APIC  A M I len=146
1:494  0:000   Found table: FPDT  A M I len=68
1:494  0:000   Found table: ASF!   HCG len=165
1:494  0:000   Found table: SSDT  PtidDevc len=3986
1:494  0:000   Found table: SSDT  Cpu0Ist len=1337
1:494  0:000   Found table: SSDT  CpuPm len=2776
1:494  0:000   Found table: MCFG  A M I len=60
1:494  0:000   Found table: HPET  A M I len=56
1:494  0:000   Found table: SSDT  SataTabl len=789
1:494  0:000   Found table: SSDT  SaSsdt  len=6604
1:494  0:000   Found table: SSDT  SgPeg len=3747
1:494  0:000   Found table: DMAR  HSW  len=144
1:494  0:000   Found table: SSDT  OptTabl len=5687
1:494  0:000   Found table: BGRT  A M I len=56
1:494  0:000  Calibrated TSC frequency =2194920304 =2194MHz
1:494  0:000  Loading main settings
1:494  0:000  Dropping 1 tables
1:494  0:000  Drop table 0 signature="DMAR" (52414D44)
1:494  0:000  set table: 52414D44,                0 to drop:  true
1:494  0:000  
1:494  0:000  Config set Fixes will override FixMask mask!
1:494  0:000     final mask=80000000
1:494  0:000  PatchesDSDT: 4 requested
1:494  0:000   DSDT bin patch #0  lenToFind=4  lenToReplace=4
1:494  0:000   DSDT bin patch #1  lenToFind=128  lenToReplace=128
1:494  0:000   patch disabled, skipped
1:494  0:000   DSDT bin patch #3  lenToFind=4  lenToReplace=4
1:494  0:000  Config set PluginType=1
1:494  0:000  found 8 volumes with blockIO
1:494  0:000   0. Volume:
1:494  0:000    PciRoot(0x0)\Pci(0x1F,0x2)\Sata(0x0,0xFFFF,0x0)
1:496  0:001   1. Volume:
1:496  0:000    PciRoot(0x0)\Pci(0x1F,0x2)\Sata(0x4,0xFFFF,0x0)
1:497  0:001    Result of bootcode detection: bootable Linux (grub,linux)
1:497  0:000   2. Volume:
1:497  0:000    PciRoot(0x0)\Pci(0x1F,0x2)\Sata(0x0,0xFFFF,0x0)\HD(1,GPT,7D3E542C-9382-4702-8E94-3F337E1B4DF1,0x28,0x64000)
1:497  0:000    Result of bootcode detection: bootable unknown (legacy)
1:502  0:005    This is SelfVolume !!
1:502  0:000   3. Volume:
1:502  0:000    PciRoot(0x0)\Pci(0x1F,0x2)\Sata(0x0,0xFFFF,0x0)\HD(2,GPT,90098BEF-F134-4097-A82F-E4319FA93017,0x64028,0x1D02BA00)
1:503  0:000   4. Volume:
1:503  0:000    PciRoot(0x0)\Pci(0x1F,0x2)\Sata(0x0,0xFFFF,0x0)\HD(3,GPT,65A89AF6-0D3D-43BF-B0EE-0BB0F4F1FBDA,0x1D08FA28,0x135F20)
1:503  0:000   5. Volume:
1:503  0:000    PciRoot(0x0)\Pci(0x1F,0x2)\Sata(0x4,0xFFFF,0x0)\HD(1,MBR,0xF1B0F207,0x800,0x32000)
1:504  0:000    Result of bootcode detection: bootable Windows (vista,win)
1:504  0:000   6. Volume:
1:504  0:000    PciRoot(0x0)\Pci(0x1F,0x2)\Sata(0x4,0xFFFF,0x0)\HD(2,MBR,0x6E697373,0x1CD1B800,0xFD7800)
1:505  0:000   7. Volume:
1:505  0:000    PciRoot(0x0)\Pci(0x1F,0x2)\Sata(0x4,0xFFFF,0x0)\HD(3,MBR,0x00000000,0x33000,0x1CCE8000)
1:505  0:000    Result of bootcode detection: bootable Linux (grub,linux)
1:505  0:000  GlobalConfig: theme.plist not found, get random theme RANDOM
1:507  0:001  Using theme 'RANDOM' (EFI\CLOVER\themes\RANDOM)
1:507  0:000  Choosing theme RANDOM
1:507  0:000  found boot-args in NVRAM:kext-dev-mode=1 rootless=0, size=27
1:507  0:000  ...found arg:kext-dev-mode=1
1:507  0:000  ...found arg:rootless=0
1:507  0:000  ...adding arg:rootless=0
1:507  0:000  Custom entries start
1:507  0:000  Custom entry 0 skipped because it is disabled.
1:507  0:000  Custom entries finish
1:507  0:000  Scanning loaders...
1:507  0:000   0: 'Whole Disc Boot' no file system
1:507  0:000   1: 'Whole Disc Boot' no file system
1:507  0:000   2: 'EFI'
1:507  0:000   3: 'MAC-OS'
1:509  0:002      AddLoaderEntry for Volume Name=MAC-OS
1:509  0:000      Not match custom entry 0: Type: not match
1:511  0:001      Check if volume Is Hibernated:
1:511  0:000      Check sleep image 'by signature':
1:516  0:004      read prefs \Library\Preferences\SystemConfiguration\com.apple.PowerManagement.plist status=Success
1:516  0:000      SleepImage name from pref: ImageVolume = 'MAC-OS', ImageName = '\private\var\vm\sleepimage'
1:518  0:002      Reading first 512 bytes of sleepimage ...
1:518  0:000   OurBlockIoRead: Lba=21A61D8, Offset=434C3B000 (BlockSize=512)
1:518  0:000   sig lion: 20224E45
1:518  0:000   sig snow: 494C5020
1:518  0:000   no valid sleep image offset was found
1:518  0:000      Reading completed -> Success
1:518  0:000       sleepimage offset could not be acquired
1:518  0:000       hibernated: no - sign
1:518  0:000    Icon 17 (icons\vol_internal_hfs.icns) not found
1:518  0:000    Theme path EFI\CLOVER\themes\RANDOM, ThemeDir=C9036C18
1:584  0:065   4: 'Recovery HD'
1:584  0:000      AddLoaderEntry for Volume Name=Recovery HD
1:584  0:000      Not match custom entry 0: Type: not match
1:585  0:000    Icon 20 (icons\vol_recovery.icns) not found
1:585  0:000    Theme path EFI\CLOVER\themes\RANDOM, ThemeDir=C9036C18
1:585  0:000   5: 'System Reserved'
1:586  0:000   6: 'Legacy HD2' no file system
1:586  0:000   7: 'Legacy HD3' no file system
1:586  0:000  Custom legacy start
1:586  0:000  Custom legacy end
1:586  0:000  Scanning legacy ...
1:586  0:000   0: 'Whole Disc Boot' (legacy) not legacy
1:586  0:000   1: 'Whole Disc Boot' (grub,linux) hidden
1:586  0:000   2: 'EFI' (legacy) not legacy
1:586  0:000   3: 'MAC-OS' (legacy) not legacy
1:586  0:000   4: 'Recovery HD' (legacy) not legacy
1:586  0:000   5: 'System Reserved' (vista,win) add legacy
1:586  0:000    Icon 18 (icons\vol_internal_ntfs.icns) not found
1:586  0:000    Theme path EFI\CLOVER\themes\RANDOM, ThemeDir=C9036C18
1:586  0:000   added 'Boot Windows from System Reserved' OSType=2 Icon=vista,win
1:586  0:000   6: 'Legacy HD2' (legacy) not legacy
1:586  0:000   7: 'Legacy HD3' (grub,linux) add legacy
1:586  0:000    Icon 12 (icons\vol_internal.icns) not found
1:586  0:000    Theme path EFI\CLOVER\themes\RANDOM, ThemeDir=C9036C18
1:586  0:000   added 'Boot Linux from Legacy HD3' OSType=0 Icon=grub,linux
1:586  0:000  Custom tool start
1:586  0:000  Custom tool end
1:586  0:000    Icon 8 (icons\tool_shell.png) not found
1:586  0:000    Theme path EFI\CLOVER\themes\RANDOM, ThemeDir=C9036C18
1:587  0:001  found tool \EFI\CLOVER\tools\Shell64U.efi
1:587  0:000  Checking EFI partition Volume 2 for Clover
1:588  0:000   Found Clover
1:588  0:000    Icon 2 (icons\func_clover.png) not found
1:588  0:000    Theme path EFI\CLOVER\themes\RANDOM, ThemeDir=C9036C18
1:588  0:000    Icon 1 (icons\func_options.png) not found
1:588  0:000    Theme path EFI\CLOVER\themes\RANDOM, ThemeDir=C9036C18
1:588  0:000    Icon 0 (icons\func_about.png) not found
1:588  0:000    Theme path EFI\CLOVER\themes\RANDOM, ThemeDir=C9036C18
1:588  0:000    Icon 5 (icons\func_reset.png) not found
1:588  0:000    Theme path EFI\CLOVER\themes\RANDOM, ThemeDir=C9036C18
1:588  0:000    Icon 6 (icons\func_shutdown.png) not found
1:588  0:000    Theme path EFI\CLOVER\themes\RANDOM, ThemeDir=C9036C18
1:588  0:000  GetEfiBootDeviceFromNvram:got efi-boot-next-data size=0
1:588  0:000  second efi-boot-next-data size=0
1:588  0:000   efi-boot-device-data not found
1:588  0:000  EfiBootVolume not found
1:588  0:000  Default boot entry not found
1:588  0:000  DefaultIndex=-1 and MainMenu.EntryCount=10
1:588  0:000  banner file not read
1:627  0:038    Icon 22 (<null string>) not found
1:627  0:000    Theme path EFI\CLOVER\themes\RANDOM, ThemeDir=C9036C18
1:627  0:000    Icon 23 (<null string>) not found
1:627  0:000    Theme path EFI\CLOVER\themes\RANDOM, ThemeDir=C9036C18
2:132  0:504  GUI ready
